[debug] [2024-05-16T12:22:37.290Z] ----------------------------------------------------------------------
[debug] [2024-05-16T12:22:37.292Z] Command:       C:\Program Files\nodejs\node.exe C:\Users\benbi\AppData\Roaming\npm\node_modules\firebase-tools\lib\bin\firebase.js deploy
[debug] [2024-05-16T12:22:37.292Z] CLI Version:   13.8.3
[debug] [2024-05-16T12:22:37.292Z] Platform:      win32
[debug] [2024-05-16T12:22:37.293Z] Node Version:  v20.11.1
[debug] [2024-05-16T12:22:37.293Z] Time:          Thu May 16 2024 15:22:37 GMT+0300 (שעון ישראל (קיץ))
[debug] [2024-05-16T12:22:37.293Z] ----------------------------------------------------------------------
[debug] 
[debug] [2024-05-16T12:22:37.295Z] >>> [apiv2][query] GET https://firebase-public.firebaseio.com/cli.json [none]
[debug] [2024-05-16T12:22:37.397Z] > command requires scopes: ["email","openid","https://www.googleapis.com/auth/cloudplatformprojects.readonly","https://www.googleapis.com/auth/firebase","https://www.googleapis.com/auth/cloud-platform"]
[debug] [2024-05-16T12:22:37.397Z] > authorizing via signed-in user (benbichler2@gmail.com)
[debug] [2024-05-16T12:22:37.397Z] [iam] checking project little-linguist-1236f for permissions ["firebase.projects.get","firebasehosting.sites.update"]
[debug] [2024-05-16T12:22:37.398Z] > refreshing access token with scopes: []
[debug] [2024-05-16T12:22:37.399Z] >>> [apiv2][query] POST https://www.googleapis.com/oauth2/v3/token [none]
[debug] [2024-05-16T12:22:37.399Z] >>> [apiv2][body] POST https://www.googleapis.com/oauth2/v3/token [omitted]
[debug] [2024-05-16T12:22:37.626Z] <<< [apiv2][status] POST https://www.googleapis.com/oauth2/v3/token 200
[debug] [2024-05-16T12:22:37.626Z] <<< [apiv2][body] POST https://www.googleapis.com/oauth2/v3/token [omitted]
[debug] [2024-05-16T12:22:37.631Z] >>> [apiv2][query] POST https://cloudresourcemanager.googleapis.com/v1/projects/little-linguist-1236f:testIamPermissions [none]
[debug] [2024-05-16T12:22:37.631Z] >>> [apiv2][(partial)header] POST https://cloudresourcemanager.googleapis.com/v1/projects/little-linguist-1236f:testIamPermissions x-goog-quota-user=projects/little-linguist-1236f
[debug] [2024-05-16T12:22:37.631Z] >>> [apiv2][body] POST https://cloudresourcemanager.googleapis.com/v1/projects/little-linguist-1236f:testIamPermissions {"permissions":["firebase.projects.get","firebasehosting.sites.update"]}
[debug] [2024-05-16T12:22:37.773Z] <<< [apiv2][status] GET https://firebase-public.firebaseio.com/cli.json 200
[debug] [2024-05-16T12:22:37.773Z] <<< [apiv2][body] GET https://firebase-public.firebaseio.com/cli.json {"cloudBuildErrorAfter":1594252800000,"cloudBuildWarnAfter":1590019200000,"defaultNode10After":1594252800000,"minVersion":"3.0.5","node8DeploysDisabledAfter":1613390400000,"node8RuntimeDisabledAfter":1615809600000,"node8WarnAfter":1600128000000}
[debug] [2024-05-16T12:22:38.679Z] <<< [apiv2][status] POST https://cloudresourcemanager.googleapis.com/v1/projects/little-linguist-1236f:testIamPermissions 200
[debug] [2024-05-16T12:22:38.679Z] <<< [apiv2][body] POST https://cloudresourcemanager.googleapis.com/v1/projects/little-linguist-1236f:testIamPermissions {"permissions":["firebase.projects.get","firebasehosting.sites.update"]}
[debug] [2024-05-16T12:22:38.680Z] >>> [apiv2][query] GET https://firebase.googleapis.com/v1beta1/projects/little-linguist-1236f [none]
[debug] [2024-05-16T12:22:39.113Z] <<< [apiv2][status] GET https://firebase.googleapis.com/v1beta1/projects/little-linguist-1236f 200
